<?xml version="1.0" encoding="UTF-8"?>
<!-- Generated by org.testng.reporters.JUnitReportReporter -->
<testsuite hostname="DESKTOP-4SCFPC7" failures="0" tests="1" name="com.pom.test.TestPrueba" time="9.109" errors="0" timestamp="2020-12-27T23:21:12 ART" skipped="0">
  <testcase classname="com.pom.test.TestPrueba" name="primeraPrueba" time="9.109"/>
  <system-out/>
</testsuite> <!-- com.pom.test.TestPrueba -->
